<?xml version="1.0" encoding="UTF-8"?>
<!-- Generated by org.testng.reporters.JUnitReportReporter -->
<testsuite hostname="Saibaba" name="com.page.tests.HomePageTest" tests="1" failures="0" timestamp="9 Sep 2015 09:34:45 GMT" time="5.595" errors="0">
  <testcase name="Login" time="5.595" classname="com.page.tests.HomePageTest"/>
</testsuite> <!-- com.page.tests.HomePageTest -->
