<?xml version="1.0" encoding="UTF-8"?>
<!-- Generated by org.testng.reporters.JUnitReportReporter -->
<testsuite hostname="Saibaba" name="com.page.tests.RegisterTest" tests="1" failures="0" timestamp="11 Sep 2015 02:10:20 GMT" time="10.256" errors="0">
  <testcase name="Login" time="10.256" classname="com.page.tests.RegisterTest"/>
</testsuite> <!-- com.page.tests.RegisterTest -->
