<?xml version="1.0" encoding="UTF-8"?>
<!-- Generated by org.testng.reporters.JUnitReportReporter -->
<testsuite hostname="Saibaba" name="com.page.tests.HomePageTest" tests="1" failures="0" timestamp="11 Sep 2015 02:10:20 GMT" time="7.089" errors="0">
  <testcase name="Login" time="7.089" classname="com.page.tests.HomePageTest"/>
</testsuite> <!-- com.page.tests.HomePageTest -->
