<?xml version="1.0" encoding="UTF-8"?>
<!-- Generated by org.testng.reporters.JUnitReportReporter -->
<testsuite hostname="Saibaba" name="com.page.tests.HomePageTest" tests="1" failures="0" timestamp="11 Sep 2015 01:55:01 GMT" time="4.609" errors="0">
  <testcase name="Login" time="4.609" classname="com.page.tests.HomePageTest"/>
</testsuite> <!-- com.page.tests.HomePageTest -->
